[INFO] [2016-08-23 13:55:38][org.springframework.web.context.ContextLoader]Root WebApplicationContext: initialization started
[INFO] [2016-08-23 13:55:38][org.springframework.web.context.support.XmlWebApplicationContext]Refreshing Root WebApplicationContext: startup date [Tue Aug 23 13:55:38 CST 2016]; root of context hierarchy
[INFO] [2016-08-23 13:55:38][org.springframework.beans.factory.xml.XmlBeanDefinitionReader]Loading XML bean definitions from class path resource [spring-mybatis.xml]
[INFO] [2016-08-23 13:55:39][org.springframework.beans.factory.config.PropertyPlaceholderConfigurer]Loading properties file from class path resource [jdbc.properties]
[INFO] [2016-08-23 13:55:39][org.springframework.web.context.ContextLoader]Root WebApplicationContext: initialization completed in 1050 ms
[INFO] [2016-08-23 13:55:39][org.springframework.web.servlet.DispatcherServlet]FrameworkServlet 'SpringMVC': initialization started
[INFO] [2016-08-23 13:55:39][org.springframework.web.context.support.XmlWebApplicationContext]Refreshing WebApplicationContext for namespace 'SpringMVC-servlet': startup date [Tue Aug 23 13:55:39 CST 2016]; parent: Root WebApplicationContext
[INFO] [2016-08-23 13:55:39][org.springframework.beans.factory.xml.XmlBeanDefinitionReader]Loading XML bean definitions from class path resource [spring-mvc.xml]
[INFO] [2016-08-23 13:55:40][org.springframework.web.servlet.mvc.annotation.DefaultAnnotationHandlerMapping]Mapped URL path [/user/showuser.do] onto handler 'userController'
[INFO] [2016-08-23 13:55:40][org.springframework.web.servlet.mvc.annotation.DefaultAnnotationHandlerMapping]Mapped URL path [/user/register.do] onto handler 'userController'
[INFO] [2016-08-23 13:55:40][org.springframework.web.servlet.DispatcherServlet]FrameworkServlet 'SpringMVC': initialization completed in 601 ms
[INFO] [2016-08-23 13:55:50][org.springframework.web.context.support.XmlWebApplicationContext]Closing WebApplicationContext for namespace 'SpringMVC-servlet': startup date [Tue Aug 23 13:55:39 CST 2016]; parent: Root WebApplicationContext
[INFO] [2016-08-23 13:55:50][org.springframework.web.context.support.XmlWebApplicationContext]Closing Root WebApplicationContext: startup date [Tue Aug 23 13:55:38 CST 2016]; root of context hierarchy
[INFO] [2016-08-23 13:56:00][org.springframework.web.context.ContextLoader]Root WebApplicationContext: initialization started
[INFO] [2016-08-23 13:56:00][org.springframework.web.context.support.XmlWebApplicationContext]Refreshing Root WebApplicationContext: startup date [Tue Aug 23 13:56:00 CST 2016]; root of context hierarchy
[INFO] [2016-08-23 13:56:00][org.springframework.beans.factory.xml.XmlBeanDefinitionReader]Loading XML bean definitions from class path resource [spring-mybatis.xml]
[INFO] [2016-08-23 13:56:01][org.springframework.beans.factory.config.PropertyPlaceholderConfigurer]Loading properties file from class path resource [jdbc.properties]
[INFO] [2016-08-23 13:56:02][org.springframework.web.context.ContextLoader]Root WebApplicationContext: initialization completed in 1308 ms
[INFO] [2016-08-23 13:56:02][org.springframework.web.servlet.DispatcherServlet]FrameworkServlet 'SpringMVC': initialization started
[INFO] [2016-08-23 13:56:02][org.springframework.web.context.support.XmlWebApplicationContext]Refreshing WebApplicationContext for namespace 'SpringMVC-servlet': startup date [Tue Aug 23 13:56:02 CST 2016]; parent: Root WebApplicationContext
[INFO] [2016-08-23 13:56:02][org.springframework.beans.factory.xml.XmlBeanDefinitionReader]Loading XML bean definitions from class path resource [spring-mvc.xml]
[INFO] [2016-08-23 13:56:02][org.springframework.web.servlet.mvc.annotation.DefaultAnnotationHandlerMapping]Mapped URL path [/user/register.do] onto handler 'userController'
[INFO] [2016-08-23 13:56:02][org.springframework.web.servlet.mvc.annotation.DefaultAnnotationHandlerMapping]Mapped URL path [/user/showuser.do] onto handler 'userController'
[INFO] [2016-08-23 13:56:02][org.springframework.web.servlet.DispatcherServlet]FrameworkServlet 'SpringMVC': initialization completed in 704 ms
[WARN] [2016-08-23 14:00:40][org.springframework.web.servlet.PageNotFound]Request method 'GET' not supported
[WARN] [2016-08-23 15:48:42][org.springframework.web.servlet.PageNotFound]Request method 'GET' not supported
[WARN] [2016-08-23 15:48:46][org.springframework.web.servlet.PageNotFound]Request method 'GET' not supported
[INFO] [2016-08-23 16:47:08][org.springframework.web.context.support.XmlWebApplicationContext]Closing WebApplicationContext for namespace 'SpringMVC-servlet': startup date [Tue Aug 23 13:56:02 CST 2016]; parent: Root WebApplicationContext
[INFO] [2016-08-23 16:47:08][org.springframework.web.context.support.XmlWebApplicationContext]Closing Root WebApplicationContext: startup date [Tue Aug 23 13:56:00 CST 2016]; root of context hierarchy
[INFO] [2016-08-23 17:02:31][org.springframework.web.context.ContextLoader]Root WebApplicationContext: initialization started
[INFO] [2016-08-23 17:02:31][org.springframework.web.context.support.XmlWebApplicationContext]Refreshing Root WebApplicationContext: startup date [Tue Aug 23 17:02:31 CST 2016]; root of context hierarchy
[INFO] [2016-08-23 17:02:31][org.springframework.beans.factory.xml.XmlBeanDefinitionReader]Loading XML bean definitions from class path resource [spring-mybatis.xml]
[INFO] [2016-08-23 17:02:32][org.springframework.beans.factory.config.PropertyPlaceholderConfigurer]Loading properties file from class path resource [home/config/jdbc.properties]
[INFO] [2016-08-23 17:02:33][org.springframework.web.context.ContextLoader]Root WebApplicationContext: initialization completed in 1566 ms
[INFO] [2016-08-23 17:02:33][org.springframework.web.servlet.DispatcherServlet]FrameworkServlet 'SpringMVC': initialization started
[INFO] [2016-08-23 17:02:33][org.springframework.web.context.support.XmlWebApplicationContext]Refreshing WebApplicationContext for namespace 'SpringMVC-servlet': startup date [Tue Aug 23 17:02:33 CST 2016]; parent: Root WebApplicationContext
[INFO] [2016-08-23 17:02:33][org.springframework.beans.factory.xml.XmlBeanDefinitionReader]Loading XML bean definitions from class path resource [spring-mvc.xml]
[INFO] [2016-08-23 17:02:33][org.springframework.web.servlet.mvc.annotation.DefaultAnnotationHandlerMapping]Mapped URL path [/user/register.do] onto handler 'userController'
[INFO] [2016-08-23 17:02:33][org.springframework.web.servlet.mvc.annotation.DefaultAnnotationHandlerMapping]Mapped URL path [/user/showuser.do] onto handler 'userController'
[INFO] [2016-08-23 17:02:34][org.springframework.web.servlet.DispatcherServlet]FrameworkServlet 'SpringMVC': initialization completed in 794 ms
[INFO] [2016-08-23 17:07:46][org.springframework.web.context.support.XmlWebApplicationContext]Closing WebApplicationContext for namespace 'SpringMVC-servlet': startup date [Tue Aug 23 17:02:33 CST 2016]; parent: Root WebApplicationContext
[INFO] [2016-08-23 17:07:46][org.springframework.web.context.support.XmlWebApplicationContext]Closing Root WebApplicationContext: startup date [Tue Aug 23 17:02:31 CST 2016]; root of context hierarchy
[INFO] [2016-08-23 17:07:53][org.springframework.web.context.ContextLoader]Root WebApplicationContext: initialization started
[INFO] [2016-08-23 17:07:54][org.springframework.web.context.support.XmlWebApplicationContext]Refreshing Root WebApplicationContext: startup date [Tue Aug 23 17:07:54 CST 2016]; root of context hierarchy
[INFO] [2016-08-23 17:07:54][org.springframework.beans.factory.xml.XmlBeanDefinitionReader]Loading XML bean definitions from class path resource [spring-mybatis.xml]
[INFO] [2016-08-23 17:07:54][org.springframework.beans.factory.config.PropertyPlaceholderConfigurer]Loading properties file from class path resource [home/config/jdbc.properties]
[INFO] [2016-08-23 17:07:55][org.springframework.web.context.ContextLoader]Root WebApplicationContext: initialization completed in 1639 ms
[INFO] [2016-08-23 17:08:14][org.springframework.web.context.support.XmlWebApplicationContext]Closing Root WebApplicationContext: startup date [Tue Aug 23 17:07:54 CST 2016]; root of context hierarchy
[INFO] [2016-08-23 17:12:40][org.springframework.web.context.ContextLoader]Root WebApplicationContext: initialization started
[INFO] [2016-08-23 17:12:40][org.springframework.web.context.support.XmlWebApplicationContext]Refreshing Root WebApplicationContext: startup date [Tue Aug 23 17:12:40 CST 2016]; root of context hierarchy
[INFO] [2016-08-23 17:12:40][org.springframework.beans.factory.xml.XmlBeanDefinitionReader]Loading XML bean definitions from class path resource [spring-mybatis.xml]
[INFO] [2016-08-23 17:12:41][org.springframework.beans.factory.config.PropertyPlaceholderConfigurer]Loading properties file from class path resource [home/config/jdbc.properties]
[INFO] [2016-08-23 17:12:42][org.springframework.web.context.ContextLoader]Root WebApplicationContext: initialization completed in 1592 ms
[INFO] [2016-08-23 17:12:57][org.springframework.web.context.support.XmlWebApplicationContext]Closing Root WebApplicationContext: startup date [Tue Aug 23 17:12:40 CST 2016]; root of context hierarchy
[INFO] [2016-08-23 17:13:57][org.springframework.web.context.ContextLoader]Root WebApplicationContext: initialization started
[INFO] [2016-08-23 17:13:57][org.springframework.web.context.support.XmlWebApplicationContext]Refreshing Root WebApplicationContext: startup date [Tue Aug 23 17:13:57 CST 2016]; root of context hierarchy
[INFO] [2016-08-23 17:13:58][org.springframework.beans.factory.xml.XmlBeanDefinitionReader]Loading XML bean definitions from class path resource [spring-mybatis.xml]
[INFO] [2016-08-23 17:13:58][org.springframework.beans.factory.config.PropertyPlaceholderConfigurer]Loading properties file from class path resource [home/config/jdbc.properties]
[INFO] [2016-08-23 17:13:59][org.springframework.web.context.ContextLoader]Root WebApplicationContext: initialization completed in 1654 ms
[INFO] [2016-08-23 17:14:09][org.springframework.web.context.support.XmlWebApplicationContext]Closing Root WebApplicationContext: startup date [Tue Aug 23 17:13:57 CST 2016]; root of context hierarchy
[INFO] [2016-08-23 17:14:24][org.springframework.web.context.ContextLoader]Root WebApplicationContext: initialization started
[INFO] [2016-08-23 17:14:24][org.springframework.web.context.support.XmlWebApplicationContext]Refreshing Root WebApplicationContext: startup date [Tue Aug 23 17:14:24 CST 2016]; root of context hierarchy
[INFO] [2016-08-23 17:14:24][org.springframework.beans.factory.xml.XmlBeanDefinitionReader]Loading XML bean definitions from class path resource [spring-mybatis.xml]
[INFO] [2016-08-23 17:14:25][org.springframework.beans.factory.config.PropertyPlaceholderConfigurer]Loading properties file from class path resource [home/config/jdbc.properties]
[INFO] [2016-08-23 17:14:26][org.springframework.web.context.ContextLoader]Root WebApplicationContext: initialization completed in 1594 ms
[INFO] [2016-08-23 17:17:43][org.springframework.web.context.ContextLoader]Root WebApplicationContext: initialization started
[INFO] [2016-08-23 17:17:44][org.springframework.web.context.support.XmlWebApplicationContext]Refreshing Root WebApplicationContext: startup date [Tue Aug 23 17:17:44 CST 2016]; root of context hierarchy
[INFO] [2016-08-23 17:17:44][org.springframework.beans.factory.xml.XmlBeanDefinitionReader]Loading XML bean definitions from class path resource [spring-mybatis.xml]
[INFO] [2016-08-23 17:17:44][org.springframework.beans.factory.config.PropertyPlaceholderConfigurer]Loading properties file from class path resource [home/config/jdbc.properties]
[INFO] [2016-08-23 17:17:45][org.springframework.web.context.ContextLoader]Root WebApplicationContext: initialization completed in 1614 ms
[INFO] [2016-08-23 17:21:08][org.springframework.web.context.ContextLoader]Root WebApplicationContext: initialization started
[INFO] [2016-08-23 17:21:08][org.springframework.web.context.support.XmlWebApplicationContext]Refreshing Root WebApplicationContext: startup date [Tue Aug 23 17:21:08 CST 2016]; root of context hierarchy
[INFO] [2016-08-23 17:21:08][org.springframework.beans.factory.xml.XmlBeanDefinitionReader]Loading XML bean definitions from class path resource [spring-mybatis.xml]
[INFO] [2016-08-23 17:21:09][org.springframework.beans.factory.config.PropertyPlaceholderConfigurer]Loading properties file from class path resource [home/config/jdbc.properties]
[INFO] [2016-08-23 17:21:09][org.springframework.web.context.ContextLoader]Root WebApplicationContext: initialization completed in 1574 ms
[INFO] [2016-08-23 17:57:01][org.springframework.web.context.ContextLoader]Root WebApplicationContext: initialization started
[INFO] [2016-08-23 17:57:01][org.springframework.web.context.support.XmlWebApplicationContext]Refreshing Root WebApplicationContext: startup date [Tue Aug 23 17:57:01 CST 2016]; root of context hierarchy
[INFO] [2016-08-23 17:57:01][org.springframework.beans.factory.xml.XmlBeanDefinitionReader]Loading XML bean definitions from class path resource [spring-mybatis.xml]
[INFO] [2016-08-23 17:57:02][org.springframework.beans.factory.config.PropertyPlaceholderConfigurer]Loading properties file from class path resource [home/config/jdbc.properties]
[INFO] [2016-08-23 17:57:02][org.springframework.web.context.ContextLoader]Root WebApplicationContext: initialization completed in 1563 ms
[INFO] [2016-08-23 17:59:55][org.springframework.web.context.ContextLoader]Root WebApplicationContext: initialization started
[INFO] [2016-08-23 17:59:55][org.springframework.web.context.support.XmlWebApplicationContext]Refreshing Root WebApplicationContext: startup date [Tue Aug 23 17:59:55 CST 2016]; root of context hierarchy
[INFO] [2016-08-23 17:59:55][org.springframework.beans.factory.xml.XmlBeanDefinitionReader]Loading XML bean definitions from class path resource [spring-mybatis.xml]
[INFO] [2016-08-23 17:59:56][org.springframework.beans.factory.config.PropertyPlaceholderConfigurer]Loading properties file from class path resource [home/config/jdbc.properties]
[INFO] [2016-08-23 17:59:57][org.springframework.web.context.ContextLoader]Root WebApplicationContext: initialization completed in 1755 ms
[INFO] [2016-08-23 18:00:44][org.springframework.web.context.ContextLoader]Root WebApplicationContext: initialization started
[INFO] [2016-08-23 18:00:44][org.springframework.web.context.support.XmlWebApplicationContext]Refreshing Root WebApplicationContext: startup date [Tue Aug 23 18:00:44 CST 2016]; root of context hierarchy
[INFO] [2016-08-23 18:00:44][org.springframework.beans.factory.xml.XmlBeanDefinitionReader]Loading XML bean definitions from class path resource [spring-mybatis.xml]
[INFO] [2016-08-23 18:00:45][org.springframework.beans.factory.config.PropertyPlaceholderConfigurer]Loading properties file from class path resource [home/config/jdbc.properties]
[INFO] [2016-08-23 18:00:46][org.springframework.web.context.ContextLoader]Root WebApplicationContext: initialization completed in 1438 ms
